<?xml version="1.0" encoding="UTF-8"?>
<testsuite name="Scenario: Verify user is able to successfully search for hotels with desired information provided" time="4.418" tests="12" errors="0" skipped="0" failures="0">
  <properties>
    <property name="java.vendor" value="Oracle Corporation"/>
    <property name="JOB_NAME" value="Hotel test"/>
    <property name="PWD" value="/Users/taniaamin"/>
    <property name="sun.java.launcher" value="SUN_STANDARD"/>
    <property name="sun.management.compiler" value="HotSpot 64-Bit Tiered Compilers"/>
    <property name="JENKINS_HOME" value="/Users/taniaamin/.jenkins"/>
    <property name="PATH" value="/Library/Java/JavaVirtualMachines/jdk1.8.0_91.jdk/Contents/Home/bin:/usr/local/bin:/usr/bin:/bin:/usr/sbin:/sbin:/Users/taniaamin/Library/Android/sdk/platform-tools:/Users/taniaamin/Library/Android/sdk/tools"/>
    <property name="HUDSON_SERVER_COOKIE" value="c353bd695486b046"/>
    <property name="POM_ARTIFACTID" value="com.cucumber.sample"/>
    <property name="os.name" value="Mac OS X"/>
    <property name="TERM_PROGRAM" value="Apple_Terminal"/>
    <property name="sun.boot.class.path" value="/Library/Java/JavaVirtualMachines/jdk1.8.0_91.jdk/Contents/Home/jre/lib/resources.jar:/Library/Java/JavaVirtualMachines/jdk1.8.0_91.jdk/Contents/Home/jre/lib/rt.jar:/Library/Java/JavaVirtualMachines/jdk1.8.0_91.jdk/Contents/Home/jre/lib/sunrsasign.jar:/Library/Java/JavaVirtualMachines/jdk1.8.0_91.jdk/Contents/Home/jre/lib/jsse.jar:/Library/Java/JavaVirtualMachines/jdk1.8.0_91.jdk/Contents/Home/jre/lib/jce.jar:/Library/Java/JavaVirtualMachines/jdk1.8.0_91.jdk/Contents/Home/jre/lib/charsets.jar:/Library/Java/JavaVirtualMachines/jdk1.8.0_91.jdk/Contents/Home/jre/lib/jfr.jar:/Library/Java/JavaVirtualMachines/jdk1.8.0_91.jdk/Contents/Home/jre/classes"/>
    <property name="EXECUTOR_NUMBER" value="1"/>
    <property name="TERM_SESSION_ID" value="CBC763E9-B191-46E1-8B9B-3216436A50FB"/>
    <property name="java.vm.specification.vendor" value="Oracle Corporation"/>
    <property name="POM_DISPLAYNAME" value="com.cucumber.sample"/>
    <property name="NODE_LABELS" value="master"/>
    <property name="java.runtime.version" value="1.8.0_91-b14"/>
    <property name="user.name" value="taniaamin"/>
    <property name="guice.disable.misplaced.annotation.check" value="true"/>
    <property name="user.language" value="en"/>
    <property name="JOB_BASE_NAME" value="Hotel test"/>
    <property name="RUN_CHANGES_DISPLAY_URL" value="http://localhost:8080/job/Hotel%20test/3/display/redirect?page=changes"/>
    <property name="BUILD_DISPLAY_NAME" value="#3"/>
    <property name="TMPDIR" value="/var/folders/j1/kd_mzlp16cdbgcz8_vp38yt80000gn/T/"/>
    <property name="sun.boot.library.path" value="/Library/Java/JavaVirtualMachines/jdk1.8.0_91.jdk/Contents/Home/jre/lib"/>
    <property name="java.version" value="1.8.0_91"/>
    <property name="XPC_FLAGS" value="0x0"/>
    <property name="user.timezone" value="America/New_York"/>
    <property name="sun.arch.data.model" value="64"/>
    <property name="NODE_NAME" value="master"/>
    <property name="TERM" value="xterm-256color"/>
    <property name="http.nonProxyHosts" value="local|*.local|169.254/16|*.169.254/16"/>
    <property name="java.endorsed.dirs" value="/Library/Java/JavaVirtualMachines/jdk1.8.0_91.jdk/Contents/Home/jre/lib/endorsed"/>
    <property name="BUILD_ID" value="3"/>
    <property name="sun.cpu.isalist" value=""/>
    <property name="sun.jnu.encoding" value="UTF-8"/>
    <property name="file.encoding.pkg" value="sun.io"/>
    <property name="SHELL" value="/bin/bash"/>
    <property name="file.separator" value="/"/>
    <property name="java.specification.name" value="Java Platform API Specification"/>
    <property name="maven.conf" value="/usr/local/Cellar/maven/3.5.2/libexec/conf"/>
    <property name="java.class.version" value="52.0"/>
    <property name="org.slf4j.simpleLogger.defaultLogLevel" value="info"/>
    <property name="user.country" value="US"/>
    <property name="java.home" value="/Library/Java/JavaVirtualMachines/jdk1.8.0_91.jdk/Contents/Home/jre"/>
    <property name="java.vm.info" value="mixed mode"/>
    <property name="os.version" value="10.13.1"/>
    <property name="RUN_DISPLAY_URL" value="http://localhost:8080/job/Hotel%20test/3/display/redirect"/>
    <property name="POM_VERSION" value="1.0-SNAPSHOT"/>
    <property name="sun.font.fontmanager" value="sun.font.CFontManager"/>
    <property name="path.separator" value=":"/>
    <property name="java.vm.version" value="25.91-b14"/>
    <property name="JOB_DISPLAY_URL" value="http://localhost:8080/job/Hotel%20test/display/redirect"/>
    <property name="SHLVL" value="1"/>
    <property name="_" value="/usr/local/bin/jenkins"/>
    <property name="java.awt.printerjob" value="sun.lwawt.macosx.CPrinterJob"/>
    <property name="JAVA_HOME" value="/Library/Java/JavaVirtualMachines/jdk1.8.0_91.jdk/Contents/Home"/>
    <property name="sun.io.unicode.encoding" value="UnicodeBig"/>
    <property name="awt.toolkit" value="sun.lwawt.macosx.LWCToolkit"/>
    <property name="LOGNAME" value="taniaamin"/>
    <property name="socksNonProxyHosts" value="local|*.local|169.254/16|*.169.254/16"/>
    <property name="POM_PACKAGING" value="jar"/>
    <property name="ftp.nonProxyHosts" value="local|*.local|169.254/16|*.169.254/16"/>
    <property name="HOME" value="/Users/taniaamin"/>
    <property name="POM_GROUPID" value="CucumberSample"/>
    <property name="JAVA_MAIN_CLASS_1147" value="Main"/>
    <property name="user.home" value="/Users/taniaamin"/>
    <property name="BUILD_TAG" value="jenkins-Hotel test-3"/>
    <property name="JENKINS_SERVER_COOKIE" value="c353bd695486b046"/>
    <property name="HUDSON_URL" value="http://localhost:8080/"/>
    <property name="XPC_SERVICE_NAME" value="0"/>
    <property name="java.specification.vendor" value="Oracle Corporation"/>
    <property name="CLASSPATH" value=""/>
    <property name="java.vendor.url" value="http://java.oracle.com/"/>
    <property name="java.library.path" value="/Users/taniaamin/Library/Java/Extensions:/Library/Java/Extensions:/Network/Library/Java/Extensions:/System/Library/Java/Extensions:/usr/lib/java:."/>
    <property name="Apple_PubSub_Socket_Render" value="/private/tmp/com.apple.launchd.TEHhw1xDNM/Render"/>
    <property name="gopherProxySet" value="false"/>
    <property name="java.vm.vendor" value="Oracle Corporation"/>
    <property name="java.runtime.name" value="Java(TM) SE Runtime Environment"/>
    <property name="maven.home" value="/usr/local/Cellar/maven/3.5.2/libexec"/>
    <property name="java.class.path" value="/Users/taniaamin/.jenkins/plugins/maven-plugin/WEB-INF/lib/maven35-agent-1.12-alpha-1.jar:/usr/local/Cellar/maven/3.5.2/libexec/boot/plexus-classworlds-2.5.2.jar:/usr/local/Cellar/maven/3.5.2/libexec/conf/logging"/>
    <property name="sun.java.command" value="jenkins.maven3.agent.Maven35Main /usr/local/Cellar/maven/3.5.2/libexec /Users/taniaamin/.jenkins/war/WEB-INF/lib/remoting-3.17.jar /Users/taniaamin/.jenkins/plugins/maven-plugin/WEB-INF/lib/maven35-interceptor-1.12-alpha-1.jar /Users/taniaamin/.jenkins/plugins/maven-plugin/WEB-INF/lib/maven3-interceptor-commons-1.12-alpha-1.jar 57355"/>
    <property name="java.vm.specification.name" value="Java Virtual Machine Specification"/>
    <property name="PATH+JDK" value="/Library/Java/JavaVirtualMachines/jdk1.8.0_91.jdk/Contents/Home/bin"/>
    <property name="java.vm.specification.version" value="1.8"/>
    <property name="sun.os.patch.level" value="unknown"/>
    <property name="sun.cpu.endian" value="little"/>
    <property name="M2_HOME" value="/usr/local/Cellar/maven/3.5.2/libexec"/>
    <property name="java.io.tmpdir" value="/var/folders/j1/kd_mzlp16cdbgcz8_vp38yt80000gn/T/"/>
    <property name="HUDSON_HOME" value="/Users/taniaamin/.jenkins"/>
    <property name="PATH+MAVEN" value="/usr/local/Cellar/maven/3.5.2/libexec/bin"/>
    <property name="BUILD_URL" value="http://localhost:8080/job/Hotel%20test/3/"/>
    <property name="java.vendor.url.bug" value="http://bugreport.sun.com/bugreport/"/>
    <property name="SSH_AUTH_SOCK" value="/private/tmp/com.apple.launchd.HDfFNwiTUk/Listeners"/>
    <property name="java.awt.graphicsenv" value="sun.awt.CGraphicsEnvironment"/>
    <property name="os.arch" value="x86_64"/>
    <property name="com.apple.java.jvmTask" value="CommandLine"/>
    <property name="java.ext.dirs" value="/Users/taniaamin/Library/Java/Extensions:/Library/Java/JavaVirtualMachines/jdk1.8.0_91.jdk/Contents/Home/jre/lib/ext:/Library/Java/Extensions:/Network/Library/Java/Extensions:/System/Library/Java/Extensions:/usr/lib/java"/>
    <property name="__CF_USER_TEXT_ENCODING" value="0x1F5:0x0:0x0"/>
    <property name="user.dir" value="/Users/taniaamin/Desktop/cucumber_demo_framework"/>
    <property name="JOB_URL" value="http://localhost:8080/job/Hotel%20test/"/>
    <property name="line.separator" value="&#10;"/>
    <property name="JAVA_ARCH" value="x86_64"/>
    <property name="MAVEN_HOME" value="/usr/local/Cellar/maven/3.5.2/libexec"/>
    <property name="java.vm.name" value="Java HotSpot(TM) 64-Bit Server VM"/>
    <property name="BUILD_NUMBER" value="3"/>
    <property name="ANDROID_HOME" value="/Users/taniaamin/Library/Android/sdk"/>
    <property name="JENKINS_URL" value="http://localhost:8080/"/>
    <property name="TERM_PROGRAM_VERSION" value="400"/>
    <property name="file.encoding" value="UTF-8"/>
    <property name="LANG" value="en_US.UTF-8"/>
    <property name="maven3.interceptor" value="/Users/taniaamin/.jenkins/plugins/maven-plugin/WEB-INF/lib/maven35-interceptor-1.12-alpha-1.jar"/>
    <property name="WORKSPACE" value="/Users/taniaamin/.jenkins/workspace/Hotel test"/>
    <property name="maven3.interceptor.common" value="/Users/taniaamin/.jenkins/plugins/maven-plugin/WEB-INF/lib/maven3-interceptor-commons-1.12-alpha-1.jar"/>
    <property name="java.specification.version" value="1.8"/>
    <property name="USER" value="taniaamin"/>
  </properties>
  <testcase name="Given I am on home page of Hotels" classname="Scenario: Verify user is able to successfully search for hotels with desired information provided" time="0.165"/>
  <testcase name="When I click on Destination field on home screen" classname="Scenario: Verify user is able to successfully search for hotels with desired information provided" time="0"/>
  <testcase name="And I select 2 Adults and 1 Children of age 5" classname="Scenario: Verify user is able to successfully search for hotels with desired information provided" time="0.001"/>
  <testcase name="And I click on CheckIn field on home screen" classname="Scenario: Verify user is able to successfully search for hotels with desired information provided" time="0.001"/>
  <testcase name="And I select tomorrow from calendar" classname="Scenario: Verify user is able to successfully search for hotels with desired information provided" time="0"/>
  <testcase name="And I click on CheckOut field on home screen" classname="Scenario: Verify user is able to successfully search for hotels with desired information provided" time="0.001"/>
  <testcase name="And I select 6 days forward from calendar" classname="Scenario: Verify user is able to successfully search for hotels with desired information provided" time="0.003"/>
  <testcase name="And I enter orlando into Destination field on home screen" classname="Scenario: Verify user is able to successfully search for hotels with desired information provided" time="0.001"/>
  <testcase name="And I select Orlando, Florida, United States of America from auto suggestion list" classname="Scenario: Verify user is able to successfully search for hotels with desired information provided" time="0"/>
  <testcase name="And I click on Search field on home screen" classname="Scenario: Verify user is able to successfully search for hotels with desired information provided" time="0.003"/>
  <testcase name="Then I verify all my information are correct" classname="Scenario: Verify user is able to successfully search for hotels with desired information provided" time="0.001"/>
  <testcase name="Scenario: Verify user is able to successfully search for hotels with desired information provided" classname="Scenario: Verify user is able to successfully search for hotels with desired information provided" time="4.242"/>
</testsuite>